0 verbose cli /Users/alex/.nvm/versions/node/v22.20.0/bin/node /Users/alex/.nvm/versions/node/v22.20.0/bin/npm
1 info using npm@10.9.3
2 info using node@v22.20.0
3 silly config load:file:/Users/alex/.nvm/versions/node/v22.20.0/lib/node_modules/npm/npmrc
4 silly config load:file:/private/var/folders/g8/rxyypy2j7sl8_lwtjbmvtnhh0000gn/T/tmp-92434-lITuxqCzZtHX/.npmrc
5 silly config load:file:/Users/alex/.npmrc
6 silly config load:file:/Users/alex/.nvm/versions/node/v22.20.0/etc/npmrc
7 verbose title npm i
8 verbose argv "i" "--force"
9 verbose logfile logs-max:10 dir:/Users/alex/Projects/github/react-native-boilerplate/.npm-cache/_logs/2026-05-09T12_34_52_437Z-
10 verbose logfile /Users/alex/Projects/github/react-native-boilerplate/.npm-cache/_logs/2026-05-09T12_34_52_437Z-debug-0.log
11 warn using --force Recommended protections disabled.
12 silly logfile done cleaning log files
13 silly packumentCache heap:4345298944 maxSize:1086324736 maxEntrySize:543162368
14 silly idealTree buildDeps
15 silly fetch manifest @axiomhq/logging@https://registry.npmjs.org/@axiomhq/logging/-/logging-0.2.1.tgz
16 http fetch GET 200 https://registry.npmjs.org/@axiomhq/logging/-/logging-0.2.1.tgz 1083ms (cache revalidated)
17 silly placeDep ROOT @axiomhq/logging@0.2.1 OK for:  want: https://registry.npmjs.org/@axiomhq/logging/-/logging-0.2.1.tgz
18 silly reify moves {}
19 silly audit bulk request { '@axiomhq/logging': [ '0.2.1' ] }
20 http cache @axiomhq/logging@https://registry.npmjs.org/@axiomhq/logging/-/logging-0.2.1.tgz 0ms (cache hit)
21 http fetch POST 200 https://registry.npmjs.org/-/npm/v1/security/advisories/bulk 275ms
22 silly audit report {}
23 silly ADD node_modules/@axiomhq/logging
24 verbose cwd /private/var/folders/g8/rxyypy2j7sl8_lwtjbmvtnhh0000gn/T/tmp-92434-lITuxqCzZtHX
25 verbose os Darwin 25.4.0
26 verbose node v22.20.0
27 verbose npm  v10.9.3
28 verbose exit 0
29 info ok
