0 verbose cli /Users/alex/.nvm/versions/node/v22.20.0/bin/node /Users/alex/.nvm/versions/node/v22.20.0/bin/npm
1 info using npm@10.9.3
2 info using node@v22.20.0
3 silly config load:file:/Users/alex/.nvm/versions/node/v22.20.0/lib/node_modules/npm/npmrc
4 silly config load:file:/Users/alex/Projects/github/react-native-boilerplate/.npmrc
5 silly config load:file:/Users/alex/.npmrc
6 silly config load:file:/Users/alex/.nvm/versions/node/v22.20.0/etc/npmrc
7 verbose title npm view @types/react-native-get-random-values description dist-tags.latest homepage version time
8 verbose argv "view" "--json" "--" "@types/react-native-get-random-values" "description" "dist-tags.latest" "homepage" "version" "time"
9 verbose logfile logs-max:10 dir:/Users/alex/Projects/github/react-native-boilerplate/.npm-cache/_logs/2026-05-09T20_10_30_508Z-
10 verbose logfile /Users/alex/Projects/github/react-native-boilerplate/.npm-cache/_logs/2026-05-09T20_10_30_508Z-debug-0.log
11 silly logfile start cleaning logs, removing 1 files
12 silly logfile done cleaning log files
13 http fetch GET 200 https://registry.npmjs.org/@types%2freact-native-get-random-values 521ms (cache miss)
14 verbose cwd /Users/alex/Projects/github/react-native-boilerplate
15 verbose os Darwin 25.4.0
16 verbose node v22.20.0
17 verbose npm  v10.9.3
18 verbose exit 0
19 info ok
